<?xml version="1.0" encoding="UTF-8"?>
<!-- Generated by org.testng.reporters.JUnitReportReporter -->
<testsuite hostname="DESKTOP-PR8CRQH" failures="0" tests="2" name="tuto.eclipse.jal.selenium.ng.TestBookingNG" time="13.398" errors="0" timestamp="03 juin 2019 13:40:57 GMT" skipped="0">
  <testcase classname="tuto.eclipse.jal.selenium.ng.TestBookingNG" name="verifyHomepageTitle" time="3.126"/>
  <testcase classname="tuto.eclipse.jal.selenium.ng.TestBookingNG" name="verifyWeFindFlights" time="10.272"/>
</testsuite> <!-- tuto.eclipse.jal.selenium.ng.TestBookingNG -->
